Base path: D:/Unity/Editor/Data
Pipe name: \\.\pipe\UnityShaderCompiler-4-21480
Cmd: getPlatforms
Cmd: compileSnippet
  api=9 type=1 insize=1770 outsize=7 kw= ok=1
Cmd: compileSnippet
  api=5 type=0 insize=1381 outsize=1452 kw= ok=1
Cmd: compileSnippet
  api=5 type=1 insize=1381 outsize=6 kw= ok=1
Cmd: compileSnippet
  api=9 type=1 insize=2154 outsize=7 kw= ok=1
Cmd: compileSnippet
  api=9 type=0 insize=1788 outsize=1628 kw= ok=1
Cmd: compileSnippet
  api=9 type=0 insize=2219 outsize=2311 kw= ok=1
Cmd: compileSnippet
  api=5 type=0 insize=2137 outsize=2181 kw= ok=1
Cmd: compileSnippet
  api=5 type=1 insize=2137 outsize=6 kw= ok=1
Cmd: compileSnippet
  api=9 type=1 insize=1329 outsize=7 kw= ok=1
Cmd: compileSnippet
  api=9 type=1 insize=1252 outsize=7 kw= ok=1
Cmd: compileSnippet
  api=9 type=1 insize=2284 outsize=7 kw= ok=1
Cmd: compileSnippet
  api=9 type=0 insize=882 outsize=631 kw= ok=1
Cmd: compileSnippet
  api=9 type=1 insize=1051 outsize=7 kw= ok=1
Cmd: compileSnippet
  api=9 type=1 insize=1917 outsize=7 kw= ok=1
Unhandled exception: Readfile from pipe failed. GLE=管道已结束。


Quitting shader compiler process
